<?xml version='1.0' encoding='UTF-8' ?>
<testsuite name="coding.universe.benchmark.ExampleStartupBenchmark" tests="1" failures="1" errors="0" skipped="0" time="33.03" timestamp="2022-04-25T02:41:26" hostname="localhost">
  <properties>
    <property name="device" value="DN2101 - 11" />
    <property name="flavor" value="" />
    <property name="project" value="benchmark" />
  </properties>
  <testcase name="startup" classname="coding.universe.benchmark.ExampleStartupBenchmark" time="32.549">
    <failure>java.lang.RuntimeException: Failed to compile coding.universe.mojcompose (Error: Failed to cpmpile !
)
at androidx.benchmark.macro.CompilationModeKt.compile(CompilationMode.kt:172)
at androidx.benchmark.macro.MacrobenchmarkKt.macrobenchmark(Macrobenchmark.kt:129)
at androidx.benchmark.macro.MacrobenchmarkKt.macrobenchmarkWithStartupMode(Macrobenchmark.kt:241)
at androidx.benchmark.macro.junit4.MacrobenchmarkRule.measureRepeated(MacrobenchmarkRule.kt:68)
at androidx.benchmark.macro.junit4.MacrobenchmarkRule.measureRepeated$default(MacrobenchmarkRule.kt:58)
at coding.universe.benchmark.ExampleStartupBenchmark.startup(ExampleStartupBenchmark.kt:30)</failure>
  </testcase>
</testsuite>